
> shopbuddy@0.1.0 dev
> next dev --turbo

  ▲ Next.js 14.2.13 (turbo)
  - Local:        http://localhost:3000
  - Environments: .env

 ✓ Starting...
 ✓ Ready in 9.1s
 ○ Compiling /admin/overview ...
 ✓ Compiled /admin/overview in 94.6s
 GET /admin/overview 200 in 99902ms
 ○ Compiling /api/cart ...
[next-auth][warn][NEXTAUTH_URL] 
https://next-auth.js.org/warnings#nextauth_url
 GET /api/auth/session 304 in 4328ms
Checking database connection...
Checking database connection...
 GET /api/auth/session 304 in 1576ms
 ✓ Compiled /api/cart in 15.1s
[next-auth][warn][NEXTAUTH_URL] 
https://next-auth.js.org/warnings#nextauth_url
 GET /api/cart 401 in 16251ms
 GET /api/cart 401 in 367ms
Database connected successfully.
Database connected successfully.
 GET /api/check-db 200 in 21169ms
 GET /api/check-db 200 in 20698ms
 ○ Compiling /api/admin/auth/verify-token ...
 ✓ Compiled /api/admin/auth/verify-token in 2.7s
 POST /api/admin/auth/verify-token 200 in 3271ms
 POST /api/admin/auth/verify-token 200 in 3228ms
 ○ Compiling /api/admin/total-revenue ...
 GET /api/admin/paystack-balance 200 in 1676ms
 GET /api/admin/paystack-balance 200 in 1190ms
 ✓ Compiled /api/admin/total-revenue in 7s
 GET /api/admin/orders/total-last-6-months 200 in 14697ms
 GET /api/admin/orders-count 200 in 14954ms
 GET /api/admin/customer-count 200 in 15699ms
 GET /api/admin/total-revenue 200 in 15806ms
 GET /api/admin/orders/total-last-6-months 200 in 4183ms
 GET /api/admin/total-revenue 200 in 4719ms
 GET /api/admin/customer-count 200 in 4839ms
 GET /api/admin/orders-count 200 in 5577ms
 ○ Compiling /admin/products ...
 ✓ Compiled /admin/products in 9.2s
 ○ Compiling /api/products/all ...
 ✓ Compiled /api/products/all in 549ms
 GET /api/products/all 200 in 4692ms
 GET /api/products/all 200 in 4802ms
 ⚠ The "images.domains" configuration is deprecated. Please use "images.remotePatterns" configuration instead.
 ○ Compiling /api/products/[id] ...
 ✓ Compiled /api/products/[id] in 7.1s
 DELETE /api/products/be92b7f0-1310-49a1-a4a6-38f0b107e0d5 200 in 18025ms
[?25h
